0 info it worked if it ends with ok
1 verbose cli [ '/usr/local/bin/node',
1 verbose cli   '/usr/local/bin/npm',
1 verbose cli   'install',
1 verbose cli   'numtel:mysql-server' ]
2 info using npm@3.10.5
3 info using node@v6.2.2
4 silly loadCurrentTree Starting
5 silly install loadCurrentTree
6 silly install readLocalPackageData
7 silly fetchPackageMetaData numtel:mysql-server
8 silly fetchPackageMetaData Error: Unsupported URL Type: numtel:mysql-server
8 silly fetchPackageMetaData     at parseUrl (/usr/local/lib/node_modules/npm/node_modules/npm-package-arg/npa.js:186:13)
8 silly fetchPackageMetaData     at npa (/usr/local/lib/node_modules/npm/node_modules/npm-package-arg/npa.js:79:12)
8 silly fetchPackageMetaData     at module.exports (/usr/local/lib/node_modules/npm/node_modules/realize-package-specifier/index.js:12:15)
8 silly fetchPackageMetaData     at fetchPackageMetadata (/usr/local/lib/node_modules/npm/lib/fetch-package-metadata.js:54:12)
8 silly fetchPackageMetaData     at fetchMetadataWithVersion (/usr/local/lib/node_modules/npm/lib/install/deps.js:220:14)
8 silly fetchPackageMetaData     at /usr/local/lib/node_modules/npm/lib/install/deps.js:233:16
8 silly fetchPackageMetaData     at /usr/local/lib/node_modules/npm/node_modules/slide/lib/async-map.js:52:35
8 silly fetchPackageMetaData     at Array.forEach (native)
8 silly fetchPackageMetaData     at /usr/local/lib/node_modules/npm/node_modules/slide/lib/async-map.js:52:11
8 silly fetchPackageMetaData     at Array.forEach (native)
8 silly fetchPackageMetaData  error for numtel:mysql-server Error: Unsupported URL Type: numtel:mysql-server
8 silly fetchPackageMetaData     at parseUrl (/usr/local/lib/node_modules/npm/node_modules/npm-package-arg/npa.js:186:13)
8 silly fetchPackageMetaData     at npa (/usr/local/lib/node_modules/npm/node_modules/npm-package-arg/npa.js:79:12)
8 silly fetchPackageMetaData     at module.exports (/usr/local/lib/node_modules/npm/node_modules/realize-package-specifier/index.js:12:15)
8 silly fetchPackageMetaData     at fetchPackageMetadata (/usr/local/lib/node_modules/npm/lib/fetch-package-metadata.js:54:12)
8 silly fetchPackageMetaData     at fetchMetadataWithVersion (/usr/local/lib/node_modules/npm/lib/install/deps.js:220:14)
8 silly fetchPackageMetaData     at /usr/local/lib/node_modules/npm/lib/install/deps.js:233:16
8 silly fetchPackageMetaData     at /usr/local/lib/node_modules/npm/node_modules/slide/lib/async-map.js:52:35
8 silly fetchPackageMetaData     at Array.forEach (native)
8 silly fetchPackageMetaData     at /usr/local/lib/node_modules/npm/node_modules/slide/lib/async-map.js:52:11
8 silly fetchPackageMetaData     at Array.forEach (native)
9 silly rollbackFailedOptional Starting
10 silly rollbackFailedOptional Finishing
11 silly runTopLevelLifecycles Starting
12 silly runTopLevelLifecycles Finishing
13 silly install printInstalled
14 verbose stack Error: Unsupported URL Type: numtel:mysql-server
14 verbose stack     at parseUrl (/usr/local/lib/node_modules/npm/node_modules/npm-package-arg/npa.js:186:13)
14 verbose stack     at npa (/usr/local/lib/node_modules/npm/node_modules/npm-package-arg/npa.js:79:12)
14 verbose stack     at module.exports (/usr/local/lib/node_modules/npm/node_modules/realize-package-specifier/index.js:12:15)
14 verbose stack     at fetchPackageMetadata (/usr/local/lib/node_modules/npm/lib/fetch-package-metadata.js:54:12)
14 verbose stack     at fetchMetadataWithVersion (/usr/local/lib/node_modules/npm/lib/install/deps.js:220:14)
14 verbose stack     at /usr/local/lib/node_modules/npm/lib/install/deps.js:233:16
14 verbose stack     at /usr/local/lib/node_modules/npm/node_modules/slide/lib/async-map.js:52:35
14 verbose stack     at Array.forEach (native)
14 verbose stack     at /usr/local/lib/node_modules/npm/node_modules/slide/lib/async-map.js:52:11
14 verbose stack     at Array.forEach (native)
15 verbose cwd /Users/LesliesLaptop/Documents/College/SeniorProject
16 error Darwin 16.6.0
17 error argv "/usr/local/bin/node" "/usr/local/bin/npm" "install" "numtel:mysql-server"
18 error node v6.2.2
19 error npm  v3.10.5
20 error Unsupported URL Type: numtel:mysql-server
21 error If you need help, you may report this error at:
21 error     <https://github.com/npm/npm/issues>
22 verbose exit [ 1, true ]
